Build started 2016-05-26 23:51:23.
     1>Project "C:\Users\Bartek\Source\Repos\ASR-Test\Project1\Project1.vcxproj" on node 2 (Build target(s)).
     1>ClCompile:
         C:\Program Files (x86)\Microsoft Visual Studio 11.0\VC\bin\CL.exe /c /ZI /nologo /W3 /WX- /sdl /Od /Oy- /D _MBCS /Gm /EHsc /RTC1 /MDd /GS /fp:precise /Zc:wchar_t /Zc:forScope /Fo"Debug\\" /Fd"Debug\vc110.pdb" /Gd /TP /analyze- /errorReport:prompt HMM.cpp
         HMM.cpp
     1>c:\users\bartek\source\repos\asr-test\project1\hmm.cpp(74): warning C4244: '=' : conversion from 'double' to 'float', possible loss of data
     1>c:\users\bartek\source\repos\asr-test\project1\hmm.cpp(75): warning C4244: '=' : conversion from 'double' to 'float', possible loss of data
     1>c:\users\bartek\source\repos\asr-test\project1\hmm.cpp(78): warning C4244: '=' : conversion from 'double' to 'float', possible loss of data
     1>c:\users\bartek\source\repos\asr-test\project1\hmm.cpp(108): warning C4244: '+=' : conversion from 'float' to 'int', possible loss of data
     1>c:\users\bartek\source\repos\asr-test\project1\hmm.cpp(90): warning C4101: 'totalP' : unreferenced local variable
     1>c:\users\bartek\source\repos\asr-test\project1\hmm.cpp(90): warning C4101: 'newP' : unreferenced local variable
     1>c:\users\bartek\source\repos\asr-test\project1\hmm.cpp(90): warning C4101: 'delta' : unreferenced local variable
     1>c:\users\bartek\source\repos\asr-test\project1\hmm.cpp(231): warning C4244: '=' : conversion from 'double' to 'float', possible loss of data
     1>c:\users\bartek\source\repos\asr-test\project1\hmm.cpp(251): warning C4244: '=' : conversion from 'double' to 'float', possible loss of data
     1>c:\users\bartek\source\repos\asr-test\project1\hmm.cpp(254): warning C4244: '=' : conversion from 'double' to 'float', possible loss of data
     1>c:\users\bartek\source\repos\asr-test\project1\hmm.cpp(302): warning C4244: 'return' : conversion from 'double' to 'float', possible loss of data
     1>c:\users\bartek\source\repos\asr-test\project1\hmm.cpp(348): warning C4244: '=' : conversion from 'double' to 'float', possible loss of data
     1>c:\users\bartek\source\repos\asr-test\project1\hmm.cpp(354): warning C4244: '=' : conversion from 'double' to 'float', possible loss of data
     1>c:\users\bartek\source\repos\asr-test\project1\hmm.cpp(378): warning C4244: '=' : conversion from 'double' to 'float', possible loss of data
     1>c:\users\bartek\source\repos\asr-test\project1\hmm.cpp(382): warning C4244: '=' : conversion from 'double' to 'float', possible loss of data
       Link:
         C:\Program Files (x86)\Microsoft Visual Studio 11.0\VC\bin\link.exe /ERRORREPORT:PROMPT /OUT:"C:\Users\Bartek\Source\Repos\ASR-Test\Debug\MFCC.exe" /INCREMENTAL /NOLOGO kernel32.lib user32.lib gdi32.lib winspool.lib comdlg32.lib advapi32.lib shell32.lib ole32.lib oleaut32.lib uuid.lib odbc32.lib odbccp32.lib /MANIFEST /MANIFESTUAC:"level='asInvoker' uiAccess='false'" /manifest:embed /DEBUG /PDB:"C:\Users\Bartek\Source\Repos\ASR-Test\Debug\MFCC.pdb" /TLBID:1 /DYNAMICBASE /NXCOMPAT /IMPLIB:"C:\Users\Bartek\Source\Repos\ASR-Test\Debug\MFCC.lib" /MACHINE:X86 Debug\Audio.obj
         Debug\FFT.obj
         Debug\HMM.obj
         Debug\MFCC.obj
         Debug\Source.obj
         Project1.vcxproj -> C:\Users\Bartek\Source\Repos\ASR-Test\Debug\MFCC.exe
     1>Done Building Project "C:\Users\Bartek\Source\Repos\ASR-Test\Project1\Project1.vcxproj" (Build target(s)).

Build succeeded.

Time Elapsed 00:00:02.42
